<?xml version="1.0" encoding="utf-8"?>
<TestRun id="d0b72d7b-d104-4605-8318-6d47028f956c" name="44759@SARAH-UN1V3RS1T 2020-06-30 10:46:50" runUser="SARAH-UN1V3RS1T\44759" xmlns="http://microsoft.com/schemas/VisualStudio/TeamTest/2010">
  <Times creation="2020-06-30T10:46:50.2245480+01:00" queuing="2020-06-30T10:46:50.2245494+01:00" start="2020-06-30T10:46:49.3779013+01:00" finish="2020-06-30T10:46:50.2362140+01:00" />
  <TestSettings name="default" id="79114c32-9ce3-4ecd-81cc-01ab7354443f">
    <Deployment runDeploymentRoot="44759_SARAH-UN1V3RS1T_2020-06-30_10_46_50" />
  </TestSettings>
  <Results>
    <UnitTestResult executionId="6ab300ac-9d5e-4b20-9fef-665d1f5b20a3" testId="6ad9f198-082c-2207-4fd7-09f2a83d8966" testName="CLI_Run_Test_Returns5" computerName="SARAH-UN1V3RS1T" duration="00:00:00.0001200" startTime="2020-06-30T10:46:50.0000000+01:00" endTime="2020-06-30T10:46:50.0000000+01:00" testType="13cdc9d9-ddb5-4fa4-a97d-d965ccfc6d4b" outcome="Passed" testListId="8c84fa94-04c1-424b-9868-57a2d4851a1d" relativeResultsDirectory="6ab300ac-9d5e-4b20-9fef-665d1f5b20a3">
      <Output>
        <StdOut>Unrecognised command: vaalidate-json</StdOut>
      </Output>
    </UnitTestResult>
    <UnitTestResult executionId="23d59ff7-8c6f-4bc9-8ef7-3ac4dbe652d5" testId="42362707-c98d-b0bb-0234-8ec60c8061f4" testName="CLI_Run_Test_Returns2" computerName="SARAH-UN1V3RS1T" duration="00:00:00.0002520" startTime="2020-06-30T10:46:50.0000000+01:00" endTime="2020-06-30T10:46:50.0000000+01:00" testType="13cdc9d9-ddb5-4fa4-a97d-d965ccfc6d4b" outcome="Passed" testListId="8c84fa94-04c1-424b-9868-57a2d4851a1d" relativeResultsDirectory="23d59ff7-8c6f-4bc9-8ef7-3ac4dbe652d5" />
    <UnitTestResult executionId="de0179b8-2da5-414d-b207-10e963f790f2" testId="9752bf5c-8f02-3a28-a93d-382a6ac24452" testName="CLI_Run_Test_Returns3_ExtraArgumentsShouldBeIgnored" computerName="SARAH-UN1V3RS1T" duration="00:00:00.0001370" startTime="2020-06-30T10:46:50.0000000+01:00" endTime="2020-06-30T10:46:50.0000000+01:00" testType="13cdc9d9-ddb5-4fa4-a97d-d965ccfc6d4b" outcome="Passed" testListId="8c84fa94-04c1-424b-9868-57a2d4851a1d" relativeResultsDirectory="de0179b8-2da5-414d-b207-10e963f790f2" />
    <UnitTestResult executionId="e0b9a360-4b8c-4064-8703-3de6a54f2781" testId="ee0279a7-a89b-2731-665f-eec410c6689b" testName="CLI_Run_Test_Returns4" computerName="SARAH-UN1V3RS1T" duration="00:00:00.0002330" startTime="2020-06-30T10:46:50.0000000+01:00" endTime="2020-06-30T10:46:50.0000000+01:00" testType="13cdc9d9-ddb5-4fa4-a97d-d965ccfc6d4b" outcome="Passed" testListId="8c84fa94-04c1-424b-9868-57a2d4851a1d" relativeResultsDirectory="e0b9a360-4b8c-4064-8703-3de6a54f2781">
      <Output>
        <StdOut>Unrecognised option: --inppute-schema</StdOut>
      </Output>
    </UnitTestResult>
    <UnitTestResult executionId="85ee2a8f-5e00-4a0b-9fd7-668ac21e3a0d" testId="28199ac7-5939-1663-8865-1c5395a2e56f" testName="CLI_Run_Test_Returns3_NoFilePath" computerName="SARAH-UN1V3RS1T" duration="00:00:00.0034970" startTime="2020-06-30T10:46:50.0000000+01:00" endTime="2020-06-30T10:46:50.0000000+01:00" testType="13cdc9d9-ddb5-4fa4-a97d-d965ccfc6d4b" outcome="Passed" testListId="8c84fa94-04c1-424b-9868-57a2d4851a1d" relativeResultsDirectory="85ee2a8f-5e00-4a0b-9fd7-668ac21e3a0d" />
    <UnitTestResult executionId="14280236-08b2-4073-a18b-3ad269684213" testId="91290980-7e71-f3dd-6667-088ca615dc54" testName="CLI_Run_Test_Returns1" computerName="SARAH-UN1V3RS1T" duration="00:00:00.0113310" startTime="2020-06-30T10:46:50.0000000+01:00" endTime="2020-06-30T10:46:50.0000000+01:00" testType="13cdc9d9-ddb5-4fa4-a97d-d965ccfc6d4b" outcome="Passed" testListId="8c84fa94-04c1-424b-9868-57a2d4851a1d" relativeResultsDirectory="14280236-08b2-4073-a18b-3ad269684213" />
    <UnitTestResult executionId="df936a11-8fe9-4644-8258-54cf2634936b" testId="0c2018a5-568b-2336-3d83-ebad6af160da" testName="CLI_Run_Test_Returns3" computerName="SARAH-UN1V3RS1T" duration="00:00:00.0001810" startTime="2020-06-30T10:46:50.0000000+01:00" endTime="2020-06-30T10:46:50.0000000+01:00" testType="13cdc9d9-ddb5-4fa4-a97d-d965ccfc6d4b" outcome="Passed" testListId="8c84fa94-04c1-424b-9868-57a2d4851a1d" relativeResultsDirectory="df936a11-8fe9-4644-8258-54cf2634936b" />
  </Results>
  <TestDefinitions>
    <UnitTest name="CLI_Run_Test_Returns4" storage="c:\users\44759\onedrive - northumbria university - production azure ad\cstp\lvl4\3-sd\assignment\iar-testing-inclusive\iar.tests\bin\debug\netcoreapp3.1\iar.tests.dll" id="ee0279a7-a89b-2731-665f-eec410c6689b">
      <Execution id="e0b9a360-4b8c-4064-8703-3de6a54f2781" />
      <TestMethod codeBase="C:\Users\44759\OneDrive - Northumbria University - Production Azure AD\CSTP\Lvl4\3-SD\Assignment\IAR-Testing-Inclusive\IAR.Tests\bin\Debug\netcoreapp3.1\IAR.Tests.dll" adapterTypeName="executor://nunit3testexecutor/" className="IAR.Tests.CLITests" name="CLI_Run_Test_Returns4" />
    </UnitTest>
    <UnitTest name="CLI_Run_Test_Returns5" storage="c:\users\44759\onedrive - northumbria university - production azure ad\cstp\lvl4\3-sd\assignment\iar-testing-inclusive\iar.tests\bin\debug\netcoreapp3.1\iar.tests.dll" id="6ad9f198-082c-2207-4fd7-09f2a83d8966">
      <Execution id="6ab300ac-9d5e-4b20-9fef-665d1f5b20a3" />
      <TestMethod codeBase="C:\Users\44759\OneDrive - Northumbria University - Production Azure AD\CSTP\Lvl4\3-SD\Assignment\IAR-Testing-Inclusive\IAR.Tests\bin\Debug\netcoreapp3.1\IAR.Tests.dll" adapterTypeName="executor://nunit3testexecutor/" className="IAR.Tests.CLITests" name="CLI_Run_Test_Returns5" />
    </UnitTest>
    <UnitTest name="CLI_Run_Test_Returns3_ExtraArgumentsShouldBeIgnored" storage="c:\users\44759\onedrive - northumbria university - production azure ad\cstp\lvl4\3-sd\assignment\iar-testing-inclusive\iar.tests\bin\debug\netcoreapp3.1\iar.tests.dll" id="9752bf5c-8f02-3a28-a93d-382a6ac24452">
      <Execution id="de0179b8-2da5-414d-b207-10e963f790f2" />
      <TestMethod codeBase="C:\Users\44759\OneDrive - Northumbria University - Production Azure AD\CSTP\Lvl4\3-SD\Assignment\IAR-Testing-Inclusive\IAR.Tests\bin\Debug\netcoreapp3.1\IAR.Tests.dll" adapterTypeName="executor://nunit3testexecutor/" className="IAR.Tests.CLITests" name="CLI_Run_Test_Returns3_ExtraArgumentsShouldBeIgnored" />
    </UnitTest>
    <UnitTest name="CLI_Run_Test_Returns3_NoFilePath" storage="c:\users\44759\onedrive - northumbria university - production azure ad\cstp\lvl4\3-sd\assignment\iar-testing-inclusive\iar.tests\bin\debug\netcoreapp3.1\iar.tests.dll" id="28199ac7-5939-1663-8865-1c5395a2e56f">
      <Execution id="85ee2a8f-5e00-4a0b-9fd7-668ac21e3a0d" />
      <TestMethod codeBase="C:\Users\44759\OneDrive - Northumbria University - Production Azure AD\CSTP\Lvl4\3-SD\Assignment\IAR-Testing-Inclusive\IAR.Tests\bin\Debug\netcoreapp3.1\IAR.Tests.dll" adapterTypeName="executor://nunit3testexecutor/" className="IAR.Tests.CLITests" name="CLI_Run_Test_Returns3_NoFilePath" />
    </UnitTest>
    <UnitTest name="CLI_Run_Test_Returns2" storage="c:\users\44759\onedrive - northumbria university - production azure ad\cstp\lvl4\3-sd\assignment\iar-testing-inclusive\iar.tests\bin\debug\netcoreapp3.1\iar.tests.dll" id="42362707-c98d-b0bb-0234-8ec60c8061f4">
      <Execution id="23d59ff7-8c6f-4bc9-8ef7-3ac4dbe652d5" />
      <TestMethod codeBase="C:\Users\44759\OneDrive - Northumbria University - Production Azure AD\CSTP\Lvl4\3-SD\Assignment\IAR-Testing-Inclusive\IAR.Tests\bin\Debug\netcoreapp3.1\IAR.Tests.dll" adapterTypeName="executor://nunit3testexecutor/" className="IAR.Tests.CLITests" name="CLI_Run_Test_Returns2" />
    </UnitTest>
    <UnitTest name="CLI_Run_Test_Returns1" storage="c:\users\44759\onedrive - northumbria university - production azure ad\cstp\lvl4\3-sd\assignment\iar-testing-inclusive\iar.tests\bin\debug\netcoreapp3.1\iar.tests.dll" id="91290980-7e71-f3dd-6667-088ca615dc54">
      <Execution id="14280236-08b2-4073-a18b-3ad269684213" />
      <TestMethod codeBase="C:\Users\44759\OneDrive - Northumbria University - Production Azure AD\CSTP\Lvl4\3-SD\Assignment\IAR-Testing-Inclusive\IAR.Tests\bin\Debug\netcoreapp3.1\IAR.Tests.dll" adapterTypeName="executor://nunit3testexecutor/" className="IAR.Tests.CLITests" name="CLI_Run_Test_Returns1" />
    </UnitTest>
    <UnitTest name="CLI_Run_Test_Returns3" storage="c:\users\44759\onedrive - northumbria university - production azure ad\cstp\lvl4\3-sd\assignment\iar-testing-inclusive\iar.tests\bin\debug\netcoreapp3.1\iar.tests.dll" id="0c2018a5-568b-2336-3d83-ebad6af160da">
      <Execution id="df936a11-8fe9-4644-8258-54cf2634936b" />
      <TestMethod codeBase="C:\Users\44759\OneDrive - Northumbria University - Production Azure AD\CSTP\Lvl4\3-SD\Assignment\IAR-Testing-Inclusive\IAR.Tests\bin\Debug\netcoreapp3.1\IAR.Tests.dll" adapterTypeName="executor://nunit3testexecutor/" className="IAR.Tests.CLITests" name="CLI_Run_Test_Returns3" />
    </UnitTest>
  </TestDefinitions>
  <TestEntries>
    <TestEntry testId="6ad9f198-082c-2207-4fd7-09f2a83d8966" executionId="6ab300ac-9d5e-4b20-9fef-665d1f5b20a3" testListId="8c84fa94-04c1-424b-9868-57a2d4851a1d" />
    <TestEntry testId="42362707-c98d-b0bb-0234-8ec60c8061f4" executionId="23d59ff7-8c6f-4bc9-8ef7-3ac4dbe652d5" testListId="8c84fa94-04c1-424b-9868-57a2d4851a1d" />
    <TestEntry testId="9752bf5c-8f02-3a28-a93d-382a6ac24452" executionId="de0179b8-2da5-414d-b207-10e963f790f2" testListId="8c84fa94-04c1-424b-9868-57a2d4851a1d" />
    <TestEntry testId="ee0279a7-a89b-2731-665f-eec410c6689b" executionId="e0b9a360-4b8c-4064-8703-3de6a54f2781" testListId="8c84fa94-04c1-424b-9868-57a2d4851a1d" />
    <TestEntry testId="28199ac7-5939-1663-8865-1c5395a2e56f" executionId="85ee2a8f-5e00-4a0b-9fd7-668ac21e3a0d" testListId="8c84fa94-04c1-424b-9868-57a2d4851a1d" />
    <TestEntry testId="91290980-7e71-f3dd-6667-088ca615dc54" executionId="14280236-08b2-4073-a18b-3ad269684213" testListId="8c84fa94-04c1-424b-9868-57a2d4851a1d" />
    <TestEntry testId="0c2018a5-568b-2336-3d83-ebad6af160da" executionId="df936a11-8fe9-4644-8258-54cf2634936b" testListId="8c84fa94-04c1-424b-9868-57a2d4851a1d" />
  </TestEntries>
  <TestLists>
    <TestList name="Results Not in a List" id="8c84fa94-04c1-424b-9868-57a2d4851a1d" />
    <TestList name="All Loaded Results" id="19431567-8539-422a-85d7-44ee4e166bda" />
  </TestLists>
  <ResultSummary outcome="Completed">
    <Counters total="7" executed="7" passed="7" failed="0" error="0" timeout="0" aborted="0" inconclusive="0" passedButRunAborted="0" notRunnable="0" notExecuted="0" disconnected="0" warning="0" completed="0" inProgress="0" pending="0" />
    <Output>
      <StdOut>NUnit Adapter 3.15.1.0: Test execution started&#xD;
Running all tests in C:\Users\44759\OneDrive - Northumbria University - Production Azure AD\CSTP\Lvl4\3-SD\Assignment\IAR-Testing-Inclusive\IAR.Tests\bin\Debug\netcoreapp3.1\IAR.Tests.dll&#xD;
   NUnit3TestExecutor converted 7 of 7 NUnit test cases&#xD;
NUnit Adapter 3.15.1.0: Test execution complete&#xD;
</StdOut>
    </Output>
  </ResultSummary>
</TestRun>